Info: Starting: Create block symbol file (.bsf)
Info: qsys-generate C:\Users\hp\Desktop\Assignments\CPEN391\l2a-06-closetgenie\hardware\System\system.qsys --block-symbol-file --output-directory=C:\Users\hp\Desktop\Assignments\CPEN391\l2a-06-closetgenie\hardware\System\system --family="Cyclone V" --part=5CSEMA5F31C6
Progress: Loading System/system.qsys
Progress: Reading input file
Progress: Adding DEBUG [altera_avalon_jtag_uart 19.1]
Progress: Parameterizing module DEBUG
Progress: Adding GPS_UART [altera_avalon_uart 19.1]
Progress: Parameterizing module GPS_UART
Progress: Adding NIOS2 [altera_nios2_gen2 19.1]
Progress: Parameterizing module NIOS2
Progress: Adding SRAM [altera_avalon_onchip_memory2 19.1]
Progress: Parameterizing module SRAM
Progress: Adding TIMER [altera_avalon_timer 19.1]
Progress: Parameterizing module TIMER
Progress: Adding WIFI_UART [altera_avalon_uart 19.1]
Progress: Parameterizing module WIFI_UART
Progress: Adding clk_0 [clock_source 19.1]
Progress: Parameterizing module clk_0
Progress: Building connections
Progress: Parameterizing connections
Progress: Validating
Progress: Done reading input file
Info: system.DEBUG: JTAG UART IP input clock need to be at least double (2x) the operating frequency of JTAG TCK on board
Info: qsys-generate succeeded.
Info: Finished: Create block symbol file (.bsf)
Info: 
Info: Starting: Create HDL design files for synthesis
Info: qsys-generate C:\Users\hp\Desktop\Assignments\CPEN391\l2a-06-closetgenie\hardware\System\system.qsys --synthesis=VERILOG --output-directory=C:\Users\hp\Desktop\Assignments\CPEN391\l2a-06-closetgenie\hardware\System\system\synthesis --family="Cyclone V" --part=5CSEMA5F31C6
Progress: Loading System/system.qsys
Progress: Reading input file
Progress: Adding DEBUG [altera_avalon_jtag_uart 19.1]
Progress: Parameterizing module DEBUG
Progress: Adding GPS_UART [altera_avalon_uart 19.1]
Progress: Parameterizing module GPS_UART
Progress: Adding NIOS2 [altera_nios2_gen2 19.1]
Progress: Parameterizing module NIOS2
Progress: Adding SRAM [altera_avalon_onchip_memory2 19.1]
Progress: Parameterizing module SRAM
Progress: Adding TIMER [altera_avalon_timer 19.1]
Progress: Parameterizing module TIMER
Progress: Adding WIFI_UART [altera_avalon_uart 19.1]
Progress: Parameterizing module WIFI_UART
Progress: Adding clk_0 [clock_source 19.1]
Progress: Parameterizing module clk_0
Progress: Building connections
Progress: Parameterizing connections
Progress: Validating
Progress: Done reading input file
Info: system.DEBUG: JTAG UART IP input clock need to be at least double (2x) the operating frequency of JTAG TCK on board
Info: system: Generating system "system" for QUARTUS_SYNTH
Info: DEBUG: Starting RTL generation for module 'system_DEBUG'
Info: DEBUG:   Generation command is [exec C:/intelfpga_lite/19.1/quartus/bin64/perl/bin/perl.exe -I C:/intelfpga_lite/19.1/quartus/sopc_builder/bin/europa -I C:/intelfpga_lite/19.1/quartus/sopc_builder/bin -I C:/intelfpga_lite/19.1/quartus/../ip/altera/sopc_builder_ip/common -I C:/intelfpga_lite/19.1/quartus/../ip/altera/sopc_builder_ip/altera_avalon_jtag_uart -- C:/intelfpga_lite/19.1/quartus/../ip/altera/sopc_builder_ip/altera_avalon_jtag_uart/generate_rtl.pl --name=system_DEBUG --dir=C:/Users/hp/AppData/Local/Temp/alt9460_6283145911938031634.dir/0002_DEBUG_gen/ --quartus_dir=C:/intelfpga_lite/19.1/quartus --verilog --config=C:/Users/hp/AppData/Local/Temp/alt9460_6283145911938031634.dir/0002_DEBUG_gen//system_DEBUG_component_configuration.pl  --do_build_sim=0  ]
Info: DEBUG: Done RTL generation for module 'system_DEBUG'
Info: DEBUG: "system" instantiated altera_avalon_jtag_uart "DEBUG"
Info: GPS_UART: Starting RTL generation for module 'system_GPS_UART'
Info: GPS_UART:   Generation command is [exec C:/intelfpga_lite/19.1/quartus/bin64/perl/bin/perl.exe -I C:/intelfpga_lite/19.1/quartus/sopc_builder/bin/europa -I C:/intelfpga_lite/19.1/quartus/sopc_builder/bin -I C:/intelfpga_lite/19.1/quartus/../ip/altera/sopc_builder_ip/common -I C:/intelfpga_lite/19.1/quartus/../ip/altera/sopc_builder_ip/altera_avalon_uart -- C:/intelfpga_lite/19.1/quartus/../ip/altera/sopc_builder_ip/altera_avalon_uart/generate_rtl.pl --name=system_GPS_UART --dir=C:/Users/hp/AppData/Local/Temp/alt9460_6283145911938031634.dir/0003_GPS_UART_gen/ --quartus_dir=C:/intelfpga_lite/19.1/quartus --verilog --config=C:/Users/hp/AppData/Local/Temp/alt9460_6283145911938031634.dir/0003_GPS_UART_gen//system_GPS_UART_component_configuration.pl  --do_build_sim=0  ]
Info: GPS_UART: Done RTL generation for module 'system_GPS_UART'
Info: GPS_UART: "system" instantiated altera_avalon_uart "GPS_UART"
Info: NIOS2: "system" instantiated altera_nios2_gen2 "NIOS2"
Info: SRAM: Starting RTL generation for module 'system_SRAM'
Info: SRAM:   Generation command is [exec C:/intelfpga_lite/19.1/quartus/bin64/perl/bin/perl.exe -I C:/intelfpga_lite/19.1/quartus/sopc_builder/bin/europa -I C:/intelfpga_lite/19.1/quartus/sopc_builder/bin -I C:/intelfpga_lite/19.1/quartus/../ip/altera/sopc_builder_ip/common -I C:/intelfpga_lite/19.1/quartus/../ip/altera/sopc_builder_ip/altera_avalon_onchip_memory2 -- C:/intelfpga_lite/19.1/quartus/../ip/altera/sopc_builder_ip/altera_avalon_onchip_memory2/generate_rtl.pl --name=system_SRAM --dir=C:/Users/hp/AppData/Local/Temp/alt9460_6283145911938031634.dir/0004_SRAM_gen/ --quartus_dir=C:/intelfpga_lite/19.1/quartus --verilog --config=C:/Users/hp/AppData/Local/Temp/alt9460_6283145911938031634.dir/0004_SRAM_gen//system_SRAM_component_configuration.pl  --do_build_sim=0  ]
Info: SRAM: Done RTL generation for module 'system_SRAM'
Info: SRAM: "system" instantiated altera_avalon_onchip_memory2 "SRAM"
Info: TIMER: Starting RTL generation for module 'system_TIMER'
Info: TIMER:   Generation command is [exec C:/intelFPGA_lite/19.1/quartus/bin64//perl/bin/perl.exe -I C:/intelfpga_lite/19.1/quartus/sopc_builder/bin/europa -I C:/intelfpga_lite/19.1/quartus/sopc_builder/bin -I C:/intelfpga_lite/19.1/quartus/../ip/altera/sopc_builder_ip/common -I C:/intelfpga_lite/19.1/quartus/../ip/altera/sopc_builder_ip/altera_avalon_timer -- C:/intelfpga_lite/19.1/quartus/../ip/altera/sopc_builder_ip/altera_avalon_timer/generate_rtl.pl --name=system_TIMER --dir=C:/Users/hp/AppData/Local/Temp/alt9460_6283145911938031634.dir/0005_TIMER_gen/ --quartus_dir=C:/intelfpga_lite/19.1/quartus --verilog --config=C:/Users/hp/AppData/Local/Temp/alt9460_6283145911938031634.dir/0005_TIMER_gen//system_TIMER_component_configuration.pl  --do_build_sim=0  ]
Info: TIMER: Done RTL generation for module 'system_TIMER'
Info: TIMER: "system" instantiated altera_avalon_timer "TIMER"
Info: WIFI_UART: Starting RTL generation for module 'system_WIFI_UART'
Info: WIFI_UART:   Generation command is [exec C:/intelfpga_lite/19.1/quartus/bin64/perl/bin/perl.exe -I C:/intelfpga_lite/19.1/quartus/sopc_builder/bin/europa -I C:/intelfpga_lite/19.1/quartus/sopc_builder/bin -I C:/intelfpga_lite/19.1/quartus/../ip/altera/sopc_builder_ip/common -I C:/intelfpga_lite/19.1/quartus/../ip/altera/sopc_builder_ip/altera_avalon_uart -- C:/intelfpga_lite/19.1/quartus/../ip/altera/sopc_builder_ip/altera_avalon_uart/generate_rtl.pl --name=system_WIFI_UART --dir=C:/Users/hp/AppData/Local/Temp/alt9460_6283145911938031634.dir/0006_WIFI_UART_gen/ --quartus_dir=C:/intelfpga_lite/19.1/quartus --verilog --config=C:/Users/hp/AppData/Local/Temp/alt9460_6283145911938031634.dir/0006_WIFI_UART_gen//system_WIFI_UART_component_configuration.pl  --do_build_sim=0  ]
Info: WIFI_UART: Done RTL generation for module 'system_WIFI_UART'
Info: WIFI_UART: "system" instantiated altera_avalon_uart "WIFI_UART"
Info: avalon_st_adapter: Inserting error_adapter: error_adapter_0
Info: avalon_st_adapter_001: Inserting error_adapter: error_adapter_0
Info: avalon_st_adapter_002: Inserting error_adapter: error_adapter_0
Info: avalon_st_adapter_003: Inserting error_adapter: error_adapter_0
Info: avalon_st_adapter_004: Inserting error_adapter: error_adapter_0
Info: avalon_st_adapter_005: Inserting error_adapter: error_adapter_0
Info: mm_interconnect_0: "system" instantiated altera_mm_interconnect "mm_interconnect_0"
Info: irq_mapper: "system" instantiated altera_irq_mapper "irq_mapper"
Info: rst_controller: "system" instantiated altera_reset_controller "rst_controller"
Info: cpu: Starting RTL generation for module 'system_NIOS2_cpu'
Info: cpu:   Generation command is [exec C:/intelFPGA_lite/19.1/quartus/bin64//perl/bin/perl.exe -I C:/intelfpga_lite/19.1/quartus/sopc_builder/bin/europa -I C:/intelfpga_lite/19.1/quartus/sopc_builder/bin -I C:/intelfpga_lite/19.1/quartus/../ip/altera/nios2_ip/altera_nios2_gen2/cpu_lib -I C:/intelfpga_lite/19.1/quartus/../ip/altera/nios2_ip/altera_nios2_gen2/nios_lib -I C:/intelfpga_lite/19.1/quartus/../ip/altera/nios2_ip/altera_nios2_gen2 -I C:/intelfpga_lite/19.1/quartus/../ip/altera/nios2_ip/altera_nios2_gen2 -- C:/intelfpga_lite/19.1/quartus/../ip/altera/nios2_ip/altera_nios2_gen2/generate_rtl.pl --name=system_NIOS2_cpu --dir=C:/Users/hp/AppData/Local/Temp/alt9460_6283145911938031634.dir/0009_cpu_gen/ --quartus_bindir=C:/intelFPGA_lite/19.1/quartus/bin64/ --verilog --config=C:/Users/hp/AppData/Local/Temp/alt9460_6283145911938031634.dir/0009_cpu_gen//system_NIOS2_cpu_processor_configuration.pl  --do_build_sim=0  ]
Info: cpu: # 2023.04.13 06:13:02 (*) Starting Nios II generation
Info: cpu: # 2023.04.13 06:13:02 (*)   Elaborating CPU configuration settings
Info: cpu: # 2023.04.13 06:13:02 (*)   Creating all objects for CPU
Info: cpu: # 2023.04.13 06:13:02 (*)   Generating RTL from CPU objects
Info: cpu: # 2023.04.13 06:13:02 (*)   Creating plain-text RTL
Info: cpu: # 2023.04.13 06:13:03 (*) Done Nios II generation
Info: cpu: Done RTL generation for module 'system_NIOS2_cpu'
Info: cpu: "NIOS2" instantiated altera_nios2_gen2_unit "cpu"
Info: NIOS2_data_master_translator: "mm_interconnect_0" instantiated altera_merlin_master_translator "NIOS2_data_master_translator"
Info: DEBUG_avalon_jtag_slave_translator: "mm_interconnect_0" instantiated altera_merlin_slave_translator "DEBUG_avalon_jtag_slave_translator"
Info: NIOS2_data_master_agent: "mm_interconnect_0" instantiated altera_merlin_master_agent "NIOS2_data_master_agent"
Info: DEBUG_avalon_jtag_slave_agent: "mm_interconnect_0" instantiated altera_merlin_slave_agent "DEBUG_avalon_jtag_slave_agent"
Info: DEBUG_avalon_jtag_slave_agent_rsp_fifo: "mm_interconnect_0" instantiated altera_avalon_sc_fifo "DEBUG_avalon_jtag_slave_agent_rsp_fifo"
Info: router: "mm_interconnect_0" instantiated altera_merlin_router "router"
Info: router_001: "mm_interconnect_0" instantiated altera_merlin_router "router_001"
Info: router_002: "mm_interconnect_0" instantiated altera_merlin_router "router_002"
Info: router_003: "mm_interconnect_0" instantiated altera_merlin_router "router_003"
Info: cmd_demux: "mm_interconnect_0" instantiated altera_merlin_demultiplexer "cmd_demux"
Info: cmd_demux_001: "mm_interconnect_0" instantiated altera_merlin_demultiplexer "cmd_demux_001"
Info: cmd_mux: "mm_interconnect_0" instantiated altera_merlin_multiplexer "cmd_mux"
Info: cmd_mux_001: "mm_interconnect_0" instantiated altera_merlin_multiplexer "cmd_mux_001"
Info: Reusing file C:/Users/hp/Desktop/Assignments/CPEN391/l2a-06-closetgenie/hardware/System/system/synthesis/submodules/altera_merlin_arbitrator.sv
Info: rsp_demux: "mm_interconnect_0" instantiated altera_merlin_demultiplexer "rsp_demux"
Info: rsp_mux: "mm_interconnect_0" instantiated altera_merlin_multiplexer "rsp_mux"
Info: Reusing file C:/Users/hp/Desktop/Assignments/CPEN391/l2a-06-closetgenie/hardware/System/system/synthesis/submodules/altera_merlin_arbitrator.sv
Info: rsp_mux_001: "mm_interconnect_0" instantiated altera_merlin_multiplexer "rsp_mux_001"
Info: Reusing file C:/Users/hp/Desktop/Assignments/CPEN391/l2a-06-closetgenie/hardware/System/system/synthesis/submodules/altera_merlin_arbitrator.sv
Info: avalon_st_adapter: "mm_interconnect_0" instantiated altera_avalon_st_adapter "avalon_st_adapter"
Info: error_adapter_0: "avalon_st_adapter" instantiated error_adapter "error_adapter_0"
Info: system: Done "system" with 29 modules, 42 files
Info: qsys-generate succeeded.
Info: Finished: Create HDL design files for synthesis
